d:\work\programming projects\souraengine\souraengine\debug\vc141.pdb
d:\work\programming projects\souraengine\souraengine\debug\vc141.idb
d:\work\programming projects\souraengine\souraengine\debug\wajeha.obj
d:\work\programming projects\souraengine\souraengine\debug\filesystem.obj
d:\work\programming projects\souraengine\souraengine\debug\texture2d.obj
d:\work\programming projects\souraengine\souraengine\debug\shader.obj
d:\work\programming projects\souraengine\souraengine\debug\renderer2d.obj
d:\work\programming projects\souraengine\souraengine\debug\camera.obj
d:\work\programming projects\souraengine\souraengine\debug\main.obj
d:\work\programming projects\souraengine\souraengine\debug\stb_image.obj
d:\work\programming projects\souraengine\souraengine\debug\window.obj
d:\work\programming projects\souraengine\souraengine\debug\glad.obj
d:\work\programming projects\souraengine\souraengine\debug\vertexarray.obj
d:\work\programming projects\souraengine\souraengine\debug\vertexbuffer.obj
d:\work\programming projects\souraengine\souraengine\debug\graphicscontext.obj
d:\work\programming projects\souraengine\souraengine\debug\transform.obj
d:\work\programming projects\souraengine\souraengine\debug\rendercommand.obj
d:\work\programming projects\souraengine\souraengine\debug\openglgraphicscontext.obj
d:\work\programming projects\souraengine\souraengine\debug\indexbuffer.obj
d:\work\programming projects\souraengine\souraengine\debug\openglindexbuffer.obj
d:\work\programming projects\souraengine\souraengine\debug\openglrendercommand.obj
d:\work\programming projects\souraengine\souraengine\debug\openglshader.obj
d:\work\programming projects\souraengine\souraengine\debug\openglvertexbuffer.obj
d:\work\programming projects\souraengine\souraengine\debug\openglvertexarray.obj
d:\work\programming projects\souraengine\souraengine\debug\opengltexture2d.obj
d:\work\programming projects\souraengine\souraengine\debug\framebuffer.obj
d:\work\programming projects\souraengine\souraengine\debug\openglframebuffer.obj
d:\work\programming projects\souraengine\souraengine\debug\openglperspectivecamera.obj
d:\work\programming projects\souraengine\souraengine\debug\perspectivecamera.obj
d:\work\programming projects\souraengine\souraengine\debug\vector2.obj
d:\work\programming projects\souraengine\souraengine\debug\vector4.obj
d:\work\programming projects\souraengine\souraengine\debug\vector3.obj
d:\work\programming projects\souraengine\debug\souraengine.exe
d:\work\programming projects\souraengine\debug\souraengine.ilk
d:\work\programming projects\souraengine\debug\souraengine.pdb
d:\work\programming projects\souraengine\souraengine\debug\souraengine.tlog\cl.command.1.tlog
d:\work\programming projects\souraengine\souraengine\debug\souraengine.tlog\cl.read.1.tlog
d:\work\programming projects\souraengine\souraengine\debug\souraengine.tlog\cl.write.1.tlog
d:\work\programming projects\souraengine\souraengine\debug\souraengine.tlog\link.command.1.tlog
d:\work\programming projects\souraengine\souraengine\debug\souraengine.tlog\link.read.1.tlog
d:\work\programming projects\souraengine\souraengine\debug\souraengine.tlog\link.write.1.tlog
